         w __deregister_frame_info
         w __register_frame_info
         w __syscall_lock_close_recursive
         w userAppExit
         w userAppInit
00000000 b _TLS_MODULE_BASE_
00000000 00000802 B __ctru_dev_utf16_buf
00000000 a shift
00000804 00000401 B __ctru_dev_path_buf
00100000 A __start__
00100000 T _start
00100008 T __service_ptr
0010000c T __apt_appid
00100010 T __heap_size
00100014 T __linear_heap_size
00100018 T __system_arglist
0010001c T __system_runflags
00100020 t startup
00100058 t ClearMem
0010006c t ClrLoop
00100094 T _init
001000ac t .udivsi3_skip_div0_test
001000ac T __aeabi_uidiv
001000ac 000001ec T __udivsi3
00100298 00000020 T __aeabi_uidivmod
001002b8 00000004 W __aeabi_idiv0
001002b8 00000004 W __aeabi_ldiv0
001002bc T __aeabi_drsub
001002c4 000002b0 T __aeabi_dsub
001002c4 000002b0 T __subdf3
001002c8 000002ac T __adddf3
001002c8 000002ac T __aeabi_dadd
00100574 00000024 T __aeabi_ui2d
00100574 00000024 T __floatunsidf
00100598 00000028 T __aeabi_i2d
00100598 00000028 T __floatsidf
001005c0 00000048 T __aeabi_f2d
001005c0 00000048 T __extendsfdf2
00100608 00000074 T __aeabi_ul2d
00100608 00000074 T __floatundidf
0010061c 00000060 T __aeabi_l2d
0010061c 00000060 T __floatdidf
0010067c T __aeabi_ldivmod
00100768 00000390 T strcmp
00100af0 t __do_global_dtors_aux
00100b30 t frame_dummy
00100b60 0000053c T main
0010109c 00000004 W C3Di_LightEnvUpdate
001010a0 00000004 W C3Di_LightEnvDirty
001010a4 00000004 W C3Di_ProcTexUpdate
001010a8 00000004 W C3Di_ProcTexDirty
001010ac 000000b4 t C3Di_AptEventHook
00101160 00000004 W C3Di_GasUpdate
00101164 000001e0 T C3D_Init
00101344 00000098 T C3D_SetViewport
001013dc 000004e8 T C3Di_UpdateContext
001018c4 000000e0 T C3Di_SplitFrame
001019a4 00000044 T C3D_Fini
001019e8 00000114 T C3D_BindProgram
00101afc 0000004c t onVBlank0
00101b48 0000004c t onVBlank1
00101b94 00000080 t C3Di_RenderTargetDestroy
00101c14 000000f4 t onQueueFinish
00101d08 00000038 T C3Di_RenderQueueEnableVBlank
00101d40 00000030 T C3Di_RenderQueueDisableVBlank
00101d70 00000060 T C3Di_RenderQueueInit
00101dd0 000000b0 T C3Di_RenderQueueExit
00101e80 00000034 T C3Di_RenderQueueWaitDone
00101eb4 000000e4 T C3D_FrameBegin
00101f98 00000048 T C3D_FrameDrawOn
00101fe0 000001d8 T C3D_FrameEnd
001021b8 00000184 T C3D_RenderTargetCreate
0010233c 000000a8 T C3D_RenderTargetSetOutput
001023e4 000000fc T C3D_SyncTextureCopy
001024e0 00000294 T C3D_TexInitWithParams
00102774 000000c8 T C3D_TexLoadImage
0010283c 00000044 T C3D_TexBind
00102880 00000074 T C3D_TexDelete
001028f4 0000016c T C3Di_SetTex
00102a60 000003f4 t Tex3DSi_ImportCommon
00102e54 00000038 T Tex3DS_TextureImportStdio
00102e8c 00000004 T Tex3DS_TextureFree
00102e90 0000001c T C3D_CalcColorBufSize
00102eac 0000001c T C3D_CalcDepthBufSize
00102ec8 00000044 T C3D_SetFrameBuf
00102f0c 0000016c T C3Di_FrameBufBind
00103078 000000c8 T C3D_FrameBufClear
00103140 00000044 T C3D_FrameBufTransfer
00103184 00000034 T C3D_GetTexEnv
001031b8 00000024 T C3Di_TexEnvBind
001031dc 00000024 T BufInfo_Init
00103200 00000080 T BufInfo_Add
00103280 00000020 T C3D_GetBufInfo
001032a0 00000048 T C3Di_BufInfoBind
001032e8 00000148 T C3D_DrawArrays
00103430 00000040 T C3D_DepthMap
00103470 0000001c T C3D_CullFace
0010348c 00000040 T C3D_StencilTest
001034cc 00000024 T C3D_StencilOp
001034f0 0000001c T C3D_BlendingColor
0010350c 00000024 T C3D_EarlyDepthTest
00103530 0000002c T C3D_DepthTest
0010355c 0000002c T C3D_AlphaTest
00103588 00000050 T C3D_AlphaBlend
001035d8 00000030 T C3D_FragOpMode
00103608 00000044 T C3D_FragOpShadow
0010364c 000001ac T C3Di_EffectBind
001037f8 00000028 T AttrInfo_Init
00103820 00000094 T AttrInfo_AddLoader
001038b4 00000020 T C3D_GetAttrInfo
001038d4 00000080 T C3Di_AttrInfoBind
00103954 000000a8 T C3D_ImmSendAttrib
001039fc 00000280 T C3D_UpdateUniforms
00103c7c 000000c0 T C3Di_DirtyUniforms
00103d3c 000000d8 T C3Di_LoadShaderUniforms
00103e14 00000028 T C3Di_ClearShaderUniforms
00103e3c 000000a4 T Mtx_RotateX
00103ee0 00000094 T Mtx_PerspTilt
00103f74 000000a0 T Mtx_Translate
00104014 000000a0 T Mtx_RotateZ
001040b4 00000024 t addrMapNodeComparator(rbtree_node const*, rbtree_node const*)
001040d8 00000004 t addrMapNodeDestructor(rbtree_node*)
001040dc 00000250 T vramMemAlignAt
0010432c 0000000c T vramAlloc
00104338 0000000c T vramAllocAt
00104344 00000090 T vramFree
001043d4 00000024 t addrMapNodeComparator(rbtree_node const*, rbtree_node const*)
001043f8 00000004 t addrMapNodeDestructor(rbtree_node*)
001043fc 00000120 T linearMemAlign
0010451c 00000008 T linearAlloc
00104524 0000005c T linearFree
00104580 00000080 T MemPool::CoalesceRight(MemBlock*)
00104600 0000016c T MemPool::Allocate(MemChunk&, unsigned long, int)
0010476c 000000fc T MemPool::Deallocate(MemChunk const&)
00104868 00000030 T MemPool::GetFreeSpace()
00104898 00000008 t romfs_close
001048a0 000000c0 t romfs_seek
00104960 00000024 t romfs_dirreset
00104984 000000c8 t fill_dir
00104a4c 0000028c t romfs_dirnext
00104cd8 00000084 t romfs_free
00104d5c 000000d4 t searchForFile.constprop.0
00104e30 000000d8 t searchForDir.constprop.0
00104f08 000001c0 t navigateToDir.constprop.0
001050c8 0000010c t romfs_open
001051d4 0000004c t romfs_chdir
00105220 00000070 t romfs_diropen
00105290 00000174 t romfs_stat
00105404 00000008 t romfs_dirclose
00105410 00000084 t romfs_fstat
00105494 000000d0 t romfs_read
00105564 0000028c T romfsMountFromFile
001057f0 00000098 T romfsMountFromCurrentProcess
00105888 00000260 T romfsMountSelf
00105ae8 000000a0 T romfsUnmount
00105b88 00000074 T osConvertVirtToPhys
00105bfc 00000054 T osGetTimeRef
00105c50 000000ec T osGetTime
00105d3c 00000034 T __ctru_speedup_config
00105d70 000000d0 t gfxPresentFramebuffer
00105e40 000000ec T gfxSetScreenFormat
00105f2c 000000e0 T gfxInit
0010600c 00000010 T gfxInitDefault
0010601c 000000b4 T gfxExit
001060d0 000000a0 T gfxGetFramebuffer
00106170 00000030 T gfxScreenSwapBuffers
001061a0 000001d4 T shaderInstanceInit
00106374 00000018 T shaderInstanceGetUniformLocation
0010638c 0000001c T shaderProgramInit
001063a8 00000064 T shaderProgramFree
0010640c 00000080 T shaderProgramSetVsh
0010648c 000008e0 T shaderProgramConfigure
00106d6c 000001cc t DVLE_GenerateOutmap.part.0
00106f38 000001b4 T DVLB_ParseFile
001070ec 00000038 T DVLB_Free
00107124 00000074 T DVLE_GetUniformRegister
00107198 00000010 T GX_BindQueue
001071a8 00000078 T GX_ProcessCommandList
00107220 00000074 T GX_MemoryFill
00107294 00000070 T GX_DisplayTransfer
00107304 00000074 T GX_TextureCopy
00107378 00000068 t gxCmdQueueDoCommands.part.0
001073e0 000000c8 T gxCmdQueueInterrupt
001074a8 0000004c T gxCmdQueueClear
001074f4 000000f8 T gxCmdQueueAdd
001075ec 00000080 T gxCmdQueueRun
0010766c 00000060 T gxCmdQueueStop
001076cc 00000074 T gxCmdQueueWait
00107740 0000013c T GPUCMD_Add
0010787c 000000b0 T GPUCMD_Split
0010792c 00000034 T f32tof16
00107960 00000034 T f32tof24
00107994 00000038 T f32tof31
001079cc 00000c58 t gspHardwareInit
00108624 00000248 T gspInit
0010886c 000000f0 T gspExit
0010895c 00000010 T gspHasGpuRight
0010896c 000000a0 T gspPresentBuffer
00108a0c 00000030 T gspSetEventCallback
00108a3c 00000044 T gspWaitForEvent
00108a80 0000004c T gspWaitForAnyEvent
00108acc 00000158 t gspEventThreadMain
00108c24 00000130 T gspSubmitGxCommand
00108d54 00000050 T GSPGPU_FlushDataCache
00108da4 00000034 T GSPGPU_SetLcdForceBlack
00108dd8 00000068 T GSPGPU_AcquireRight
00108e40 00000048 T GSPGPU_ReleaseRight
00108e88 0000007c T GSPGPU_ImportDisplayCaptureInfo
00108f04 0000002c T GSPGPU_SaveVramSysArea
00108f30 0000002c T GSPGPU_RestoreVramSysArea
00108f5c 000001a4 t aptConvertScreenForCapture
00109100 00000008 W aptDspSleep
00109108 00000004 W aptDspWakeup
0010910c 00000004 W aptDspCancel
00109110 00000158 T aptSendCommand
00109268 00000044 t aptExitProcess
001092ac 000002f4 T aptExit
001095a0 000000e0 T aptHandleSleep
00109680 00000030 T aptHook
001096b0 00000030 T aptUnhook
001096e0 00000084 T APT_SleepIfShellClosed
00109764 00000084 T aptSetSleepAllowed
001097e8 00000084 T APT_UnlockTransition
00109870 000004a4 t aptEventHandler
00109d14 000000b0 T APT_ReceiveParameter
00109dc4 000000b0 t aptReceiveParameter.constprop.0
00109e78 000002ac t aptScreenTransfer
0010a124 00000344 t aptWaitForWakeUp.isra.0
0010a468 00000100 T aptJumpToHomeMenu
0010a568 00000048 T aptMainLoop
0010a5b0 0000022c T aptInit
0010a7dc 0000007c T APT_CheckNew3DS
0010a858 00000024 W hidShouldUseIrrst
0010a87c 0000018c T hidInit
0010aa08 000000e8 T hidExit
0010aaf0 000002a4 T hidScanInput
0010ad94 00000010 T hidKeysHeld
0010ada4 00000010 T hidKeysDown
0010adb4 00000018 T hidCircleRead
0010adcc 00000074 T ptmSysmInit
0010ae40 0000003c T ptmSysmExit
0010ae7c 00000034 T PTMSYSM_ConfigureNew3DSCPU
0010aeb0 000000cc T fsInit
0010af7c 0000003c T fsExit
0010afb8 00000060 T fsExemptFromSession
0010b018 00000050 T fsUnexemptFromSession
0010b068 000000cc T FSUSER_OpenFile
0010b134 000000d4 T FSUSER_OpenFileDirectly
0010b208 000000bc T FSUSER_DeleteFile
0010b2c4 000000f8 T FSUSER_RenameFile
0010b3bc 000000bc T FSUSER_DeleteDirectory
0010b478 000000d4 T FSUSER_CreateFile
0010b54c 000000c4 T FSUSER_CreateDirectory
0010b610 000000f8 T FSUSER_RenameDirectory
0010b708 000000b4 T FSUSER_OpenDirectory
0010b7bc 00000098 T FSUSER_OpenArchive
0010b854 0000008c T FSUSER_CloseArchive
0010b8e0 00000074 T FSUSER_GetSdmcArchiveResource
0010b954 00000064 T FSUSER_IsSdmcWritable
0010b9b8 00000058 T FSFILE_Read
0010ba10 00000060 T FSFILE_Write
0010ba70 0000003c T FSFILE_GetSize
0010baac 00000028 T FSFILE_SetSize
0010bad4 0000003c T FSFILE_Close
0010bb10 00000024 T FSFILE_Flush
0010bb34 00000050 T FSDIR_Read
0010bb84 0000003c T FSDIR_Close
0010bbc0 000000c4 t buffer_read
0010bc84 000000d0 t iov_read
0010bd54 00000138 t iov_memmove
0010be8c 000001dc t decompress_rle
0010c068 00000244 t decompress_lzss
0010c2ac 00000424 t decompress_lz11
0010c6d0 000002d8 t decompress_huff
0010c9a8 00000010 T decompressCallback_Stdio
0010c9b8 000000dc T decompressHeader
0010ca94 00000240 T decompressV
0010ccd4 00000010 T rbtree_init
0010cce4 000001b4 t do_insert
0010ce98 00000008 T rbtree_insert
0010cea0 00000090 T rbtree_rotate
0010cf30 00000318 T rbtree_remove
0010d248 00000074 T rbtree_find
0010d2bc 000000e8 T utf16_to_utf8
0010d3a4 00000064 T decode_utf16
0010d408 000000c0 T utf8_to_utf16
0010d4c8 000001e0 W __system_allocateHeaps
0010d6a8 00000038 W __libctru_init
0010d6e0 00000170 W __system_initArgv
0010d850 T svcControlMemory
0010d870 T svcQueryMemory
0010d8a0 T svcExitProcess
0010d8a8 T svcCreateThread
0010d8c8 T svcExitThread
0010d8d0 T svcSleepThread
0010d8d8 T svcReleaseMutex
0010d8e0 T svcCreateEvent
0010d8f4 T svcSignalEvent
0010d8fc T svcClearEvent
0010d904 T svcMapMemoryBlock
0010d90c T svcUnmapMemoryBlock
0010d914 T svcCreateAddressArbiter
0010d928 T svcArbitrateAddressNoTimeout
0010d930 T svcCloseHandle
0010d938 T svcWaitSynchronization
0010d940 T svcWaitSynchronizationN
0010d968 T svcDuplicateHandle
0010d97c T svcGetSystemTick
0010d984 T svcConnectToPort
0010d998 T svcSendSyncRequest
0010d9a0 T svcGetResourceLimit
0010d9b4 T svcGetResourceLimitLimitValues
0010d9bc T svcGetResourceLimitCurrentValues
0010d9c4 T svcBreak
0010d9cc W initSystem
0010da1c W __ctru_exit
0010da34 T __aeabi_read_tp
0010da40 0000000c T __sync_init
0010da4c 00000018 T __sync_fini
0010da64 0000002c T syncArbitrateAddress
0010da90 000000b0 T LightLock_Lock
0010db40 00000040 T LightLock_Unlock
0010db80 00000024 T RecursiveLock_Init
0010dba4 00000030 T RecursiveLock_Lock
0010dbd4 00000054 T RecursiveLock_Unlock
0010dc28 00000040 T LightEvent_Init
0010dc68 000000a4 T LightEvent_Clear
0010dd0c 000000c8 T LightEvent_Signal
0010ddd4 00000050 T LightEvent_TryWait
0010de24 000000b0 T LightEvent_Wait
0010ded4 00000084 W envGetHandle
0010df58 00000050 W envDestroyHandles
0010dfa8 00000130 T srvInit
0010e0d8 00000058 T srvExit
0010e130 000000a0 T srvGetServiceHandleDirect
0010e1d0 00000038 T srvGetServiceHandle
0010e208 00000038 T srvPublishToSubscriber
0010e240 00000178 T threadCreate
0010e3b8 0000002c T threadFree
0010e3e4 00000024 T threadJoin
0010e408 00000030 T threadGetCurrent
0010e438 00000040 T threadExit
0010e478 00000020 t _thread_begin
0010e498 000000b4 t mappableFindAddressWithin
0010e54c 00000028 T mappableInit
0010e574 00000080 T mappableAlloc
0010e5f4 00000004 T mappableFree
0010e5f8 00000164 T irrstInit
0010e75c 000000cc T irrstExit
0010e828 000000b4 T irrstScanInput
0010e8dc 00000024 T irrstKeysHeld
0010e900 0000000c T srvPmGetSessionHandle
0010e90c 0000005c T rbtree_node_next
0010e968 00000054 T encode_utf16
0010e9bc 000000e0 T encode_utf8
0010ea9c 0000013c T decode_utf8
0010ebd8 00000030 W __appInit
0010ec08 00000030 T __syscall_getreent
0010ec38 00000074 T __syscall_gettod_r
0010ecac 00000004 T __syscall_lock_acquire
0010ecb0 00000004 T __syscall_lock_release
0010ecb4 00000004 T __syscall_lock_init_recursive
0010ecb8 00000004 T __syscall_lock_acquire_recursive
0010ecbc 00000004 T __syscall_lock_release_recursive
0010ecc0 00000004 T __syscall_exit
0010ecc4 00000050 T initThreadVars
0010ed14 00000068 T __system_initSyscalls
0010ed7c 00000030 W __appExit
0010edac 00000090 W __libctru_exit
0010ee3c 00000014 t archive_link
0010ee50 00000014 t archive_dirreset
0010ee64 00000014 t archive_chmod
0010ee78 00000024 t error_cmp
0010ee9c 00000050 t archive_translate_error
0010eeec 000000c8 t archive_seek
0010efb4 0000007c t _archiveInit.part.0
0010f030 000000c4 t archiveFindDevice.part.0
0010f0f4 0000025c t archive_utf16path
0010f350 000000a0 t _archiveUnmountDeviceStruct.part.0
0010f3f0 00000014 t archive_fchmod
0010f404 00000014 t archive_statvfs
0010f418 00000164 t _archiveMountDevice
0010f57c 000000e8 t archive_diropen
0010f664 000000a4 t archive_fstat
0010f708 0000006c t archive_close
0010f774 0000006c t archive_fsync
0010f7e0 00000070 t archive_dirclose
0010f850 000000e8 t sdmc_statvfs
0010f938 000000ec t archive_chdir
0010fa24 0000007c t archive_ftruncate
0010faa0 000000ac t archive_read
0010fb4c 000000a4 t archive_unlink
0010fbf0 000000bc t archive_rmdir
0010fcac 000000dc t archive_mkdir
0010fd88 0000019c t archive_stat
0010ff24 0000015c t archive_dirnext
00110080 000000ec t archive_write
0011016c 000001d4 t archive_open
00110340 00000278 t archive_rename
001105b8 0000019c T archiveMountSdmc
00110754 00000054 T archiveUnmountAll
001107a8 0000022c T cosf
001109d4 00000024 t with_errnof
001109f8 0000001c T __math_invalidf
00110a18 000000c0 T cos
00110ad8 00000070 T tanf
00110b48 0000024c T sinf
00110d98 000000c8 T sin
00110e60 000002c8 T __ieee754_rem_pio2f
00111128 00000308 T __ieee754_rem_pio2
00111430 00000158 T __kernel_cos
00111588 00000880 T __kernel_rem_pio2f
00111e08 00000208 T __kernel_tanf
00112010 000008c0 T __kernel_rem_pio2
001128d0 000000c0 T __kernel_sin
00112990 00000014 T fabs
001129a4 00000010 T fabsf
001129b4 000000c0 T floorf
00112a78 00000144 T floor
00112bbc 0000012c T scalbnf
00112ce8 00000140 T scalbn
00112e28 00000120 T __udivmoddi4
00112f48 00000078 T bsearch
00112fc0 00000020 T calloc
00112fe0 000000c0 T _calloc_r
001130a0 0000000c T __errno
001130ac 00000034 T exit
001130e0 0000015c T _fclose_r
0011323c 00000018 T fclose
00113254 00000234 T __sflush_r
00113488 00000094 T _fflush_r
0011351c 00000038 T fflush
00113554 0000000c T _cleanup_r
00113560 00000184 T __sinit
001136e4 00000134 T __sfp
00113818 0000000c T __sfp_lock_acquire
00113824 0000000c T __sfp_lock_release
00113830 0000003c T __libc_fini_array
0011386c 00000134 T _fopen_r
001139a0 00000020 T fopen
001139c0 000002d0 T _fread_r
00113c90 00000038 T fread
00113cc8 000000f8 T _malloc_trim_r
00113dc0 000002e8 T _free_r
001140a8 0000001c T _fseek_r
001140c4 00000590 T _fseeko_r
00114654 00000068 T _fwalk
001146bc 00000070 T _fwalk_reent
0011472c 00000084 T __libc_init_array
001147b0 00000138 T __smakebuf_r
001148e8 00000020 T memalign
00114908 0000014c T _memalign_r
00114a54 00000018 T malloc
00114a6c 00000018 T free
00114a84 000007e4 T _malloc_r
00115268 000000b0 T memcmp
00115318 00000118 T memcpy
00115430 000000f4 T memset
00115524 0000000c T __malloc_lock
00115530 0000000c T __malloc_unlock
0011553c 0000001c t lflush
00115558 00000198 T __srefill_r
001156f0 00000044 T __sread
00115734 00000068 T __swrite
0011579c 00000044 T __sseek
001157e0 00000008 T __sclose
001157e8 00000130 T strchr
00115918 0000005c T strlen
00115974 000000e4 T strncat
00115a58 000000e4 T strncmp
00115b3c 000000c4 T strncpy
00115c00 00000048 T strnlen
00115c48 000001c4 t _strtoul_l.constprop.0
00115e0c 00000028 T strtoul
00115e34 0000003c T time
00115e70 00000114 T __call_exitprocs
00115f84 000000c8 T __sflags
0011604c 00000008 t null_write
00116054 00000018 T setDefaultDevice
0011606c 000000c8 T FindDevice
00116134 00000028 T RemoveDevice
0011615c 0000009c T AddDevice
001161f8 00000020 T GetDeviceOpTab
00116218 00000078 T _fstat_r
00116290 00000030 T _gettimeofday_r
001162c0 00000008 T _isatty_r
001162c8 00000084 T _lseek_r
0011634c 000000c0 T _open_r
0011640c 00000080 T _read_r
0011648c 00000078 T _sbrk_r
00116504 00000080 T _write_r
00116584 00000020 T _exit
001165a4 000001a4 T _concatenate_path
00116748 00000140 T chdir
00116888 00000008 T __flockfile
00116890 00000008 T __funlockfile
00116898 0000008c T __release_handle
00116924 000000b0 T __alloc_handle
001169d4 0000003c T __get_handle
00116a10 000000f4 T _close_r
00116b04 0000002c T __getreent
00116b30 0000001c T __libc_lock_acquire
00116b4c 0000001c T __libc_lock_release
00116b68 0000001c T __libc_lock_init_recursive
00116b84 0000001c T __libc_lock_acquire_recursive
00116ba0 0000001c T __libc_lock_release_recursive
00116bbc 0000001c T __libc_lock_close_recursive
00116bd8 00000048 T strrchr
00116c20 T _fini
00117000 000001b0 r vertex_list
001171cc R vshader_shbin
001172fc R vshader_shbin_end
001172fc R vshader_shbin_size
0011733c 00000038 r CSWTCH.19
00117374 00000005 r colorFmtSizes
0011737c 00000004 r depthFmtSizes
001173a4 00000070 r romFS_devoptab
00117438 00000008 r morton_y.2
00117440 00000008 r morton_x.3
00117448 00000008 r s_sleepWakeEvents.4
001174ac 00000030 r error_table
001174e4 00000070 r archive_devoptab
00117554 00000060 R __inv_pio4
001175b8 000000e0 R __sincosf_table
00117698 00000080 r npio2_hw
00117718 00000318 r two_over_pi
00117a30 00000080 r npio2_hw
00117ab0 00000108 r two_over_pi
00117bb8 0000002c r PIo2
00117be4 0000000c r init_jk
00117bf0 00000040 r PIo2
00117c30 00000010 r init_jk
00117c40 00000004 R _global_impure_ptr
00117c44 00000101 R _ctype_
00117d48 00000070 R dotab_stdnull
00117db8 R __tdata_align
00117dbc r 
00117dbc R __exidx_end
00117dbc R __exidx_start
00118000 00000004 D playerY
00118004 00000004 D playerX
00118008 00000004 D playerZ
0011800c 00000004 d angleX
00118010 00000004 d framerate
00118014 00000008 d framerateCounter
0011801c 00000004 d queueLock
00118020 00000004 d kCount
00118024 00000004 d kInterval
00118028 00000004 d kDelay
0011802c W __stacksize__
00118030 00000004 D _impure_ptr
00118038 00000460 d impure_data
00118498 00000004 D __malloc_sbrk_base
0011849c 00000004 D __malloc_trim_threshold
001184a0 00000408 D __malloc_av_
001188a8 0000008c D devoptab_list
00118934 00000004 d defaultDevice
00118938 00000400 d _current_working_directory
00118d38 00001000 d handles
00119d38 0000000c d __stderr_handle
00119d44 0000000c d __stdout_handle
00119d50 0000000c d __stdin_handle
00119d64 d _GLOBAL_OFFSET_TABLE_
00119d70 d __frame_dummy_init_array_entry
00119d70 D __init_array_start
00119d70 B __preinit_array_end
00119d70 B __preinit_array_start
00119d70 D __tdata_lma
00119d70 D __tdata_lma_end
00119d74 d __do_global_dtors_aux_fini_array_entry
00119d74 D __fini_array_start
00119d74 D __init_array_end
00119d78 D __bss_start__
00119d78 D __fini_array_end
00119d78 00000004 b vshader_dvlb
00119d7c 00000014 b program
00119d90 00000004 b uLoc_projection
00119d94 00000004 b uLoc_modelView
00119d98 00000040 b projection
00119dd8 00000004 b vbo_data
00119ddc 00000018 b grass_cube
00119df4 00000018 b grass_tex
00119e0c 00000004 b angleZ
00119e10 b completed.1
00119e14 b object.0
00119e30 000002d0 B __C3D_Context
0011a100 0000000c b hookCookie
0011a110 00000010 b cpuTime
0011a120 00000004 b firstTarget
0011a124 00000008 b frameCounter
0011a12c 00000004 b frameEndCb
0011a130 00000004 b frameEndCbData
0011a138 00000010 b gpuTime
0011a148 00000001 b inFrame
0011a149 00000001 b inSafeTransfer
0011a14a 00000001 b isTopStereo
0011a14c 00000004 b lastTarget
0011a150 0000000c b linkedTarget
0011a15c 00000001 b measureGpuTime
0011a15d 00000001 b needSwapBot
0011a15e 00000001 b needSwapTop
0011a160 00000004 B C3D_BoolUnifs
0011a164 00000002 B C3D_BoolUnifsDirty
0011a168 00000c00 B C3D_FVUnif
0011ad68 000000c0 B C3D_FVUnifDirty
0011ae28 00000020 B C3D_IVUnif
0011ae48 00000008 B C3D_IVUnifDirty
0011ae50 000000c0 b C3Di_FVUnifEverDirty
0011af10 00000008 b C3Di_IVUnifEverDirty
0011af18 00000018 b C3Di_ShaderFVecData
0011af30 00000008 b sVramPoolB
0011af38 00000008 b sVramPoolA
0011af40 0000000c b sAddrMap
0011af50 00000008 b sLinearPool
0011af58 0000000c b sAddrMap
0011af64 00000004 b romfs_mount_list
0011af68 00000004 V __romfs_path
0011af6c 00000001 V __ctru_speedup
0011af70 00000004 b screenAlloc
0011af74 00000004 b screenFree
0011af78 00000002 b gfxIsDoubleBuf
0011af7c 00000002 b gfxCurBuf
0011af7e 00000001 b gfxIsVram
0011af7f 00000001 b gfxTopMode
0011af80 00000002 b gfxFramebufferFormats
0011af84 00000004 b gfxBottomFramebufferMaxSize
0011af88 00000004 b gfxTopFramebufferMaxSize
0011af90 00000008 b gfxBottomFramebuffers
0011af98 00000008 b gfxTopFramebuffers
0011afa0 00000004 b boundQueue
0011afa4 00000001 b shouldStop
0011afa5 00000001 b isRunning
0011afa6 00000001 b isActive
0011afa8 00000004 b curQueue
0011afac 00000004 B gpuCmdBufOffset
0011afb0 00000004 B gpuCmdBufSize
0011afb4 00000004 B gpuCmdBuf
0011afb8 00000007 b gspEventCbOneShot
0011afc0 0000001c b gspEventCbData
0011afdc 0000001c b gspEventCb
0011aff8 00000038 b gspEvents
0011b030 00000004 b gspLastEvent
0011b034 00000001 b gspRunEvents
0011b038 00000004 b gspEventThread
0011b03c 00000004 b gspEvent
0011b040 00000001 b gspGpuRight
0011b041 00000001 b gspThreadId
0011b044 00000004 b gspSharedMem
0011b048 00000004 b gspSharedMemHandle
0011b04c 00000004 b gspRefCount
0011b050 00000004 b gspGpuHandle
0011b054 00000001 b flagValue.0
0011b055 00000001 b flagInit.1
0011b058 00000004 b serviceName.6
0011b05c 00000001 b aptChainloadMediatype
0011b060 00000008 b aptChainloadTid
0011b068 00000001 b aptChainloadFlags
0011b06c 00001000 b aptParameters
0011c06c 00000004 b aptFlags
0011c070 00000001 b aptHomeButtonState
0011c074 00000004 b aptMessageFuncData
0011c078 00000004 b aptMessageFunc
0011c07c 0000000c b aptFirstHook
0011c088 00000001 b aptEventHandlerThreadQuit
0011c08c 00000004 b aptEventHandlerThread
0011c090 00000008 b aptSleepEvent
0011c098 00000008 b aptReceiveEvent
0011c0a0 00000008 b aptEvents
0011c0a8 00000004 b aptLockHandle
0011c0ac 00000004 b aptRefCount
0011c0b0 00000001 b usingIrrst
0011c0b4 00000004 b hidRefCount
0011c0b8 00000006 b gRate
0011c0c0 00000006 b aVec
0011c0c8 00000004 b cPos
0011c0cc 00000004 b tPos
0011c0d0 00000004 b kRepeat
0011c0d4 00000004 b kUp
0011c0d8 00000004 b kDown
0011c0dc 00000004 b kHeld
0011c0e0 00000004 b kOld
0011c0e4 00000004 B hidSharedMem
0011c0e8 00000014 B hidEvents
0011c0fc 00000004 B hidMemHandle
0011c100 00000004 B hidHandle
0011c104 00000004 b ptmSysmRefCount
0011c108 00000004 b ptmSysmHandle
0011c110 00000080 b fsExemptArchives
0011c190 00000004 b fsuRefCount
0011c194 00000004 b fsuHandle
0011c198 00000004 V __ctru_linear_heap_size
0011c19c 00000004 V __ctru_heap_size
0011c1a0 00000004 B __ctru_linear_heap
0011c1a4 00000004 B __ctru_heap
0011c1a8 00000004 B __system_retAddr
0011c1ac 00000004 B __system_argv
0011c1b0 00000004 B __system_argc
0011c1b4 b saved_stack
0011c1bc 00000004 b arbiter
0011c1c0 00000004 B __3dslink_host
0011c1c4 00000004 b srvRefCount
0011c1c8 00000004 b srvHandle
0011c1cc 00000004 b currentAddr
0011c1d0 00000004 b maxAddr
0011c1d4 00000004 b minAddr
0011c1d8 00000004 b irrstRefCount
0011c1dc 00000004 b csPos
0011c1e0 00000004 b kHeld
0011c1e4 00000004 B irrstSharedMem
0011c1e8 00000004 B irrstEvent
0011c1ec 00000004 B irrstMemHandle
0011c1f0 00000004 B irrstHandle
0011c1f4 00000004 b srvPmHandle
0011c1f8 00000540 b archive_devices
0011c738 00000004 b archive_device_cwd
0011c73c 00000001 b archive_initialized
0011c740 0000000c b __sinit_recursive_mutex
0011c74c 0000000c b __sfp_recursive_mutex
0011c758 00000028 B __malloc_current_mallinfo
0011c780 00000004 B __malloc_max_total_mem
0011c784 00000004 B __malloc_max_sbrked_mem
0011c788 00000004 B __malloc_top_pad
0011c78c 0000000c b __malloc_recursive_mutex
0011c798 0000000c B __atexit_recursive_mutex
0011c7a4 00000004 b heap_start.0
0011c7a8 00000004 B fake_heap_start
0011c7ac 00000004 B fake_heap_end
0011c7b0 00000400 b temp_cwd
0011cbb0 00000004 b __hndl_lock
0011cbb4 B __tls_start
0011d7bc B __bss_end__
0011d7bc A __end__
0011d7bc B __tls_end
